<?xml version="1.0" encoding="UTF-8"?>
<!-- Generated by org.testng.reporters.JUnitReportReporter -->
<testsuite hostname="DESKTOP-5GCS4T5" failures="0" tests="1" name="helloworld_amit.TestHelloWorld" time="0.015" errors="0" timestamp="2021-05-20T19:09:50 IST" skipped="0">
  <testcase classname="helloworld_amit.TestHelloWorld" name="testHelloWorld" time="0.015"/>
  <system-out/>
</testsuite> <!-- helloworld_amit.TestHelloWorld -->
